<?xml version="1.0" encoding="utf-8"?><testsuites><testsuite name="pytest" errors="0" failures="0" skipped="2" tests="19" time="1.393" timestamp="2026-05-22T19:55:11.489795" hostname="DESKTOP-DJ6RHVD"><testcase classname="example.test_project_integrity" name="test_core_build_path_generates_valid_samples" time="0.004" /><testcase classname="example.test_project_integrity" name="test_core_density_increase_produces_more_samples" time="0.003" /><testcase classname="example.test_project_integrity" name="test_core_theta_output_is_wrapped_to_pi_range" time="0.001" /><testcase classname="example.test_project_integrity" name="test_core_anchor_velocity_and_constraints_respected" time="0.002" /><testcase classname="example.test_project_integrity" name="test_core_waypoint_velocity_direction_matches_local_tangent" time="0.004" /><testcase classname="example.test_project_integrity" name="test_core_dump_and_load_roundtrip" time="0.008" /><testcase classname="example.test_project_integrity" name="test_coord_roundtrip_grid_data_consistency_with_image_mapping" time="0.001" /><testcase classname="example.test_project_integrity" name="test_coord_vector_transform_matches_bounds_scale" time="0.000" /><testcase classname="example.test_project_integrity" name="test_coord_format_status_covers_modes_and_out_of_bounds" time="0.000" /><testcase classname="example.test_project_integrity" name="test_cmd_addpoint_accepts_valid_and_rejects_out_of_range" time="0.003"><skipped type="pytest.skip" message="GUI backend unavailable: TclError: Can't find a usable init.tcl in the following directories: &#10;    D:/Anaconda/Library/lib/tcl8.6 D:/lib/tcl8.6 D:/lib/tcl8.6 D:/library D:/library D:/tcl8.6.12/library D:/tcl8.6.12/library&#10;&#10;D:/Anaconda/Library/lib/tcl8.6/init.tcl: couldn't read file &quot;D:/Anaconda/Library/lib/tcl8.6/init.tcl&quot;: No error&#10;couldn't read file &quot;D:/Anaconda/Library/lib/tcl8.6/init.tcl&quot;: No error&#10;    while executing&#10;&quot;source D:/Anaconda/Library/lib/tcl8.6/init.tcl&quot;&#10;    (&quot;uplevel&quot; body line 1)&#10;    invoked from within&#10;&quot;uplevel #0 [list source $tclfile]&quot;&#10;&#10;&#10;This probably means that Tcl wasn't installed properly.">E:\EcgCodes\UP70ECG2026\SimplePathPlanner\example\test_project_integrity.py:262: GUI backend unavailable: TclError: Can't find a usable init.tcl in the following directories: 
    D:/Anaconda/Library/lib/tcl8.6 D:/lib/tcl8.6 D:/lib/tcl8.6 D:/library D:/library D:/tcl8.6.12/library D:/tcl8.6.12/library

D:/Anaconda/Library/lib/tcl8.6/init.tcl: couldn't read file "D:/Anaconda/Library/lib/tcl8.6/init.tcl": No error
couldn't read file "D:/Anaconda/Library/lib/tcl8.6/init.tcl": No error
    while executing
"source D:/Anaconda/Library/lib/tcl8.6/init.tcl"
    ("uplevel" body line 1)
    invoked from within
"uplevel #0 [list source $tclfile]"


This probably means that Tcl wasn't installed properly.</skipped></testcase><testcase classname="example.test_project_integrity" name="test_cmd_density_and_showpath_toggle_state" time="0.029"><skipped type="pytest.skip" message="GUI backend unavailable: TclError: Can't find a usable tk.tcl in the following directories: &#10;    D:/Anaconda/Library/lib/tcl8.6/tk8.6 D:/Anaconda/Library/lib/tk8.6 D:/lib/tk8.6 D:/lib/tk8.6 D:/lib/tk8.6 D:/library&#10;&#10;D:/Anaconda/Library/lib/tk8.6/tk.tcl: couldn't read file &quot;D:/Anaconda/Library/lib/tk8.6/listbox.tcl&quot;: no such file or directory&#10;couldn't read file &quot;D:/Anaconda/Library/lib/tk8.6/listbox.tcl&quot;: no such file or directory&#10;    while executing&#10;&quot;source -encoding utf-8 D:/Anaconda/Library/lib/tk8.6/listbox.tcl&quot;&#10;    (in namespace eval &quot;::&quot; script line 1)&#10;    invoked from within&#10;&quot;namespace eval :: [list source -encoding utf-8 [file join $::tk_library $file.tcl]]&quot;&#10;    (procedure &quot;SourceLibFile&quot; line 2)&#10;    invoked from within&#10;&quot;SourceLibFile listbox&quot;&#10;    (in namespace eval &quot;::tk&quot; script line 5)&#10;    invoked from within&#10;&quot;namespace eval ::tk {&#10;&#09;SourceLibFile icons&#10;&#09;SourceLibFile button&#10;&#09;SourceLibFile entry&#10;&#09;SourceLibFile listbox&#10;&#09;SourceLibFile menu&#10;&#09;SourceLibFile panedw...&quot;&#10;    (file &quot;D:/Anaconda/Library/lib/tk8.6/tk.tcl&quot; line 501)&#10;    invoked from within&#10;&quot;source D:/Anaconda/Library/lib/tk8.6/tk.tcl&quot;&#10;    (&quot;uplevel&quot; body line 1)&#10;    invoked from within&#10;&quot;uplevel #0 [list source $file]&quot;&#10;&#10;&#10;This probably means that tk wasn't installed properly.">E:\EcgCodes\UP70ECG2026\SimplePathPlanner\example\test_project_integrity.py:276: GUI backend unavailable: TclError: Can't find a usable tk.tcl in the following directories: 
    D:/Anaconda/Library/lib/tcl8.6/tk8.6 D:/Anaconda/Library/lib/tk8.6 D:/lib/tk8.6 D:/lib/tk8.6 D:/lib/tk8.6 D:/library

D:/Anaconda/Library/lib/tk8.6/tk.tcl: couldn't read file "D:/Anaconda/Library/lib/tk8.6/listbox.tcl": no such file or directory
couldn't read file "D:/Anaconda/Library/lib/tk8.6/listbox.tcl": no such file or directory
    while executing
"source -encoding utf-8 D:/Anaconda/Library/lib/tk8.6/listbox.tcl"
    (in namespace eval "::" script line 1)
    invoked from within
"namespace eval :: [list source -encoding utf-8 [file join $::tk_library $file.tcl]]"
    (procedure "SourceLibFile" line 2)
    invoked from within
"SourceLibFile listbox"
    (in namespace eval "::tk" script line 5)
    invoked from within
"namespace eval ::tk {
	SourceLibFile icons
	SourceLibFile button
	SourceLibFile entry
	SourceLibFile listbox
	SourceLibFile menu
	SourceLibFile panedw..."
    (file "D:/Anaconda/Library/lib/tk8.6/tk.tcl" line 501)
    invoked from within
"source D:/Anaconda/Library/lib/tk8.6/tk.tcl"
    ("uplevel" body line 1)
    invoked from within
"uplevel #0 [list source $file]"


This probably means that tk wasn't installed properly.</skipped></testcase><testcase classname="example.test_project_integrity" name="test_cmd_plan_builds_meta_after_points_added" time="0.113" /><testcase classname="example.test_project_integrity" name="test_cmd_editpoint_updates_target_and_rejects_missing_index" time="0.131" /><testcase classname="example.test_project_integrity" name="test_cmd_speedcfg_updates_limits_and_rejects_invalid" time="0.086" /><testcase classname="example.test_project_integrity" name="test_cmd_save_and_load_restores_points_settings_and_speedcfg" time="0.096" /><testcase classname="example.test_project_integrity" name="test_cmd_exit_sets_running_false" time="0.090" /><testcase classname="example.test_project_integrity" name="test_cli_profile_args_support_short_and_long_flags" time="0.001" /><testcase classname="example.test_project_integrity" name="test_profile_missing_id_raises_readable_error" time="0.000" /><testcase classname="example.test_project_integrity" name="test_main_returns_nonzero_for_invalid_profile" time="0.001" /></testsuite></testsuites>