<?xml version="1.0" encoding="utf-8"?><testsuites><testsuite name="pytest" errors="0" failures="0" skipped="2" tests="17" time="1.296" timestamp="2026-05-22T17:03:38.300238" hostname="DESKTOP-DJ6RHVD"><testcase classname="example.test_project_integrity" name="test_core_build_path_generates_valid_samples" time="0.001" /><testcase classname="example.test_project_integrity" name="test_core_density_increase_produces_more_samples" time="0.001" /><testcase classname="example.test_project_integrity" name="test_core_theta_output_is_wrapped_to_pi_range" time="0.001" /><testcase classname="example.test_project_integrity" name="test_core_user_velocity_override_still_generates_valid_path" time="0.001" /><testcase classname="example.test_project_integrity" name="test_core_dump_and_load_roundtrip" time="0.008" /><testcase classname="example.test_project_integrity" name="test_coord_roundtrip_grid_data_consistency_with_image_mapping" time="0.001" /><testcase classname="example.test_project_integrity" name="test_coord_vector_transform_matches_bounds_scale" time="0.000" /><testcase classname="example.test_project_integrity" name="test_coord_format_status_covers_modes_and_out_of_bounds" time="0.000" /><testcase classname="example.test_project_integrity" name="test_cmd_addpoint_accepts_valid_and_rejects_out_of_range" time="0.009"><skipped type="pytest.skip" message="GUI backend unavailable: TclError: invalid command name &quot;tcl_findLibrary&quot;">E:\EcgCodes\UP70ECG2026\SimplePathPlanner\example\test_project_integrity.py:235: GUI backend unavailable: TclError: invalid command name "tcl_findLibrary"</skipped></testcase><testcase classname="example.test_project_integrity" name="test_cmd_density_and_showpath_toggle_state" time="0.115" /><testcase classname="example.test_project_integrity" name="test_cmd_plan_builds_meta_after_points_added" time="0.113" /><testcase classname="example.test_project_integrity" name="test_cmd_editpoint_updates_target_and_rejects_missing_index" time="0.117" /><testcase classname="example.test_project_integrity" name="test_cmd_save_and_load_restores_points_and_settings" time="0.165" /><testcase classname="example.test_project_integrity" name="test_cmd_exit_sets_running_false" time="0.010"><skipped type="pytest.skip" message="GUI backend unavailable: TclError: invalid command name &quot;tcl_findLibrary&quot;">E:\EcgCodes\UP70ECG2026\SimplePathPlanner\example\test_project_integrity.py:329: GUI backend unavailable: TclError: invalid command name "tcl_findLibrary"</skipped></testcase><testcase classname="example.test_project_integrity" name="test_cli_profile_args_support_short_and_long_flags" time="0.001" /><testcase classname="example.test_project_integrity" name="test_profile_missing_id_raises_readable_error" time="0.000" /><testcase classname="example.test_project_integrity" name="test_main_returns_nonzero_for_invalid_profile" time="0.001" /></testsuite></testsuites>